# JRE version: OpenJDK Runtime Environment (8.0_202-b03) (build 1.8.0_202-release-1483-b03)
# Java VM: OpenJDK 64-Bit Server VM (25.202-b03 mixed mode windows-amd64 compressed oops)
Heap:
 PSYoungGen      total 153088K, used 10415K [0x00000000e0000000, 0x00000000edf80000, 0x0000000100000000)
  eden space 140288K, 0% used [0x00000000e0000000,0x00000000e0000000,0x00000000e8900000)
  from space 12800K, 81% used [0x00000000e9600000,0x00000000ea02be48,0x00000000ea280000)
  to   space 13312K, 0% used [0x00000000e8900000,0x00000000e8900000,0x00000000e9600000)
 ParOldGen       total 64512K, used 10451K [0x00000000a0000000, 0x00000000a3f00000, 0x00000000e0000000)
  object space 64512K, 16% used [0x00000000a0000000,0x00000000a0a34cb8,0x00000000a3f00000)
 Metaspace       used 34616K, capacity 35236K, committed 35416K, reserved 1079296K
  class space    used 4744K, capacity 4933K, committed 4992K, reserved 1048576K
GC Heap History (10 events):
Event: 3.551 GC heap after
Heap after GC invocations=5 (full 0):
 PSYoungGen      total 70656K, used 5113K [0x00000000e0000000, 0x00000000e9600000, 0x0000000100000000)
  eden space 65536K, 0% used [0x00000000e0000000,0x00000000e0000000,0x00000000e4000000)
  from space 5120K, 99% used [0x00000000e4000000,0x00000000e44fe600,0x00000000e4500000)
  to   space 11264K, 0% used [0x00000000e8b00000,0x00000000e8b00000,0x00000000e9600000)
 ParOldGen       total 86016K, used 9489K [0x00000000a0000000, 0x00000000a5400000, 0x00000000e0000000)
  object space 86016K, 11% used [0x00000000a0000000,0x00000000a0944440,0x00000000a5400000)
 Metaspace       used 20749K, capacity 21108K, committed 21248K, reserved 1067008K
  class space    used 2916K, capacity 3062K, committed 3072K, reserved 1048576K
}
Event: 3.551 GC heap before
{Heap before GC invocations=6 (full 1):
 PSYoungGen      total 70656K, used 5113K [0x00000000e0000000, 0x00000000e9600000, 0x0000000100000000)
  eden space 65536K, 0% used [0x00000000e0000000,0x00000000e0000000,0x00000000e4000000)
  from space 5120K, 99% used [0x00000000e4000000,0x00000000e44fe600,0x00000000e4500000)
  to   space 11264K, 0% used [0x00000000e8b00000,0x00000000e8b00000,0x00000000e9600000)
 ParOldGen       total 86016K, used 9489K [0x00000000a0000000, 0x00000000a5400000, 0x00000000e0000000)
  object space 86016K, 11% used [0x00000000a0000000,0x00000000a0944440,0x00000000a5400000)
 Metaspace       used 20749K, capacity 21108K, committed 21248K, reserved 1067008K
  class space    used 2916K, capacity 3062K, committed 3072K, reserved 1048576K
Event: 3.618 GC heap after
Heap after GC invocations=6 (full 1):
 PSYoungGen      total 70656K, used 0K [0x00000000e0000000, 0x00000000e9600000, 0x0000000100000000)
  eden space 65536K, 0% used [0x00000000e0000000,0x00000000e0000000,0x00000000e4000000)
  from space 5120K, 0% used [0x00000000e4000000,0x00000000e4000000,0x00000000e4500000)
  to   space 11264K, 0% used [0x00000000e8b00000,0x00000000e8b00000,0x00000000e9600000)
 ParOldGen       total 64512K, used 9701K [0x00000000a0000000, 0x00000000a3f00000, 0x00000000e0000000)
  object space 64512K, 15% used [0x00000000a0000000,0x00000000a09796a8,0x00000000a3f00000)
 Metaspace       used 20749K, capacity 21108K, committed 21248K, reserved 1067008K
  class space    used 2916K, capacity 3062K, committed 3072K, reserved 1048576K
}
Event: 5.151 GC heap before
{Heap before GC invocations=7 (full 1):
 PSYoungGen      total 70656K, used 65536K [0x00000000e0000000, 0x00000000e9600000, 0x0000000100000000)
  eden space 65536K, 100% used [0x00000000e0000000,0x00000000e4000000,0x00000000e4000000)
  from space 5120K, 0% used [0x00000000e4000000,0x00000000e4000000,0x00000000e4500000)
  to   space 11264K, 0% used [0x00000000e8b00000,0x00000000e8b00000,0x00000000e9600000)
 ParOldGen       total 64512K, used 9701K [0x00000000a0000000, 0x00000000a3f00000, 0x00000000e0000000)
  object space 64512K, 15% used [0x00000000a0000000,0x00000000a09796a8,0x00000000a3f00000)
 Metaspace       used 28659K, capacity 29108K, committed 29440K, reserved 1075200K
  class space    used 3861K, capacity 4011K, committed 4096K, reserved 1048576K
Event: 5.165 GC heap after
Heap after GC invocations=7 (full 1):
 PSYoungGen      total 104448K, used 7777K [0x00000000e0000000, 0x00000000e9300000, 0x0000000100000000)
  eden space 96256K, 0% used [0x00000000e0000000,0x00000000e0000000,0x00000000e5e00000)
  from space 8192K, 94% used [0x00000000e8b00000,0x00000000e9298670,0x00000000e9300000)
  to   space 10752K, 0% used [0x00000000e7e00000,0x00000000e7e00000,0x00000000e8880000)
 ParOldGen       total 64512K, used 9709K [0x00000000a0000000, 0x00000000a3f00000, 0x00000000e0000000)
  object space 64512K, 15% used [0x00000000a0000000,0x00000000a097b6a8,0x00000000a3f00000)
 Metaspace       used 28659K, capacity 29108K, committed 29440K, reserved 1075200K
  class space    used 3861K, capacity 4011K, committed 4096K, reserved 1048576K
}
Event: 6.806 GC heap before
{Heap before GC invocations=8 (full 1):
 PSYoungGen      total 104448K, used 104033K [0x00000000e0000000, 0x00000000e9300000, 0x0000000100000000)
  eden space 96256K, 100% used [0x00000000e0000000,0x00000000e5e00000,0x00000000e5e00000)
  from space 8192K, 94% used [0x00000000e8b00000,0x00000000e9298670,0x00000000e9300000)
  to   space 10752K, 0% used [0x00000000e7e00000,0x00000000e7e00000,0x00000000e8880000)
 ParOldGen       total 64512K, used 9709K [0x00000000a0000000, 0x00000000a3f00000, 0x00000000e0000000)
  object space 64512K, 15% used [0x00000000a0000000,0x00000000a097b6a8,0x00000000a3f00000)
 Metaspace       used 33666K, capacity 34212K, committed 34560K, reserved 1079296K
  class space    used 4622K, capacity 4783K, committed 4864K, reserved 1048576K
Event: 6.831 GC heap after
Heap after GC invocations=8 (full 1):
 PSYoungGen      total 139776K, used 10722K [0x00000000e0000000, 0x00000000ea280000, 0x0000000100000000)
  eden space 129024K, 0% used [0x00000000e0000000,0x00000000e0000000,0x00000000e7e00000)
  from space 10752K, 99% used [0x00000000e7e00000,0x00000000e8878ac0,0x00000000e8880000)
  to   space 12800K, 0% used [0x00000000e9600000,0x00000000e9600000,0x00000000ea280000)
 ParOldGen       total 64512K, used 10443K [0x00000000a0000000, 0x00000000a3f00000, 0x00000000e0000000)
  object space 64512K, 16% used [0x00000000a0000000,0x00000000a0a32cb8,0x00000000a3f00000)
 Metaspace       used 33666K, capacity 34212K, committed 34560K, reserved 1079296K
  class space    used 4622K, capacity 4783K, committed 4864K, reserved 1048576K
}
Event: 7.275 GC heap before
{Heap before GC invocations=9 (full 1):
 PSYoungGen      total 139776K, used 33653K [0x00000000e0000000, 0x00000000ea280000, 0x0000000100000000)
  eden space 129024K, 17% used [0x00000000e0000000,0x00000000e1664a40,0x00000000e7e00000)
  from space 10752K, 99% used [0x00000000e7e00000,0x00000000e8878ac0,0x00000000e8880000)
  to   space 12800K, 0% used [0x00000000e9600000,0x00000000e9600000,0x00000000ea280000)
 ParOldGen       total 64512K, used 10443K [0x00000000a0000000, 0x00000000a3f00000, 0x00000000e0000000)
  object space 64512K, 16% used [0x00000000a0000000,0x00000000a0a32cb8,0x00000000a3f00000)
 Metaspace       used 34616K, capacity 35236K, committed 35416K, reserved 1079296K
  class space    used 4744K, capacity 4933K, committed 4992K, reserved 1048576K
Event: 7.298 GC heap after
Heap after GC invocations=9 (full 1):
 PSYoungGen      total 153088K, used 10415K [0x00000000e0000000, 0x00000000edf80000, 0x0000000100000000)
  eden space 140288K, 0% used [0x00000000e0000000,0x00000000e0000000,0x00000000e8900000)
  from space 12800K, 81% used [0x00000000e9600000,0x00000000ea02be48,0x00000000ea280000)
  to   space 13312K, 0% used [0x00000000e8900000,0x00000000e8900000,0x00000000e9600000)
 ParOldGen       total 64512K, used 10451K [0x00000000a0000000, 0x00000000a3f00000, 0x00000000e0000000)
  object space 64512K, 16% used [0x00000000a0000000,0x00000000a0a34cb8,0x00000000a3f00000)
 Metaspace       used 34616K, capacity 35236K, committed 35416K, reserved 1079296K
  class space    used 4744K, capacity 4933K, committed 4992K, reserved 1048576K
}
Event: 7.298 GC heap before
{Heap before GC invocations=10 (full 2):
 PSYoungGen      total 153088K, used 10415K [0x00000000e0000000, 0x00000000edf80000, 0x0000000100000000)
  eden space 140288K, 0% used [0x00000000e0000000,0x00000000e0000000,0x00000000e8900000)
  from space 12800K, 81% used [0x00000000e9600000,0x00000000ea02be48,0x00000000ea280000)
  to   space 13312K, 0% used [0x00000000e8900000,0x00000000e8900000,0x00000000e9600000)
 ParOldGen       total 64512K, used 10451K [0x00000000a0000000, 0x00000000a3f00000, 0x00000000e0000000)
  object space 64512K, 16% used [0x00000000a0000000,0x00000000a0a34cb8,0x00000000a3f00000)
 Metaspace       used 34616K, capacity 35236K, committed 35416K, reserved 1079296K
  class space    used 4744K, capacity 4933K, committed 4992K, reserved 1048576K

